2019-06-28 13:10:09.205  INFO 2580 --- [restartedMain] com.ascpm.hofund.jwt.Application         : Starting Application on ASCPM-MAC.local with PID 2580 (/Users/ascpm/Workspaces/auth-gateway/hofund/jwt/build/classes/java/main started by ascpm in /Users/ascpm/Workspaces/auth-gateway/hofund/jwt)
2019-06-28 13:10:09.224  INFO 2580 --- [restartedMain] com.ascpm.hofund.jwt.Application         : The following profiles are active: local
2019-06-28 13:10:09.324  INFO 2580 --- [restartedMain] .e.DevToolsPropertyDefaultsPostProcessor : Devtools property defaults active! Set 'spring.devtools.add-properties' to 'false' to disable
2019-06-28 13:10:09.326  INFO 2580 --- [restartedMain] .e.DevToolsPropertyDefaultsPostProcessor : For additional web related logging consider setting the 'logging.level.web' property to 'DEBUG'
2019-06-28 13:10:10.194  INFO 2580 --- [restartedMain] .s.d.r.c.RepositoryConfigurationDelegate : Bootstrapping Spring Data repositories in DEFAULT mode.
2019-06-28 13:10:10.343  INFO 2580 --- [restartedMain] .s.d.r.c.RepositoryConfigurationDelegate : Finished Spring Data repository scanning in 141ms. Found 1 repository interfaces.
2019-06-28 13:10:10.853  INFO 2580 --- [restartedMain] trationDelegate$BeanPostProcessorChecker : Bean 'org.springframework.transaction.annotation.ProxyTransactionManagementConfiguration' of type [org.springframework.transaction.annotation.ProxyTransactionManagementConfiguration$$EnhancerBySpringCGLIB$$b5dac10a] is not eligible for getting processed by all BeanPostProcessors (for example: not eligible for auto-proxying)
2019-06-28 13:10:11.372  INFO 2580 --- [restartedMain] o.s.b.w.embedded.tomcat.TomcatWebServer  : Tomcat initialized with port(s): 8100 (http)
2019-06-28 13:10:11.401  INFO 2580 --- [restartedMain] o.apache.catalina.core.StandardService   : Starting service [Tomcat]
2019-06-28 13:10:11.401  INFO 2580 --- [restartedMain] org.apache.catalina.core.StandardEngine  : Starting Servlet engine: [Apache Tomcat/9.0.19]
2019-06-28 13:10:11.529  INFO 2580 --- [restartedMain] o.a.c.c.C.[Tomcat].[localhost].[/jwt]    : Initializing Spring embedded WebApplicationContext
2019-06-28 13:10:11.529  INFO 2580 --- [restartedMain] o.s.web.context.ContextLoader            : Root WebApplicationContext: initialization completed in 2202 ms
2019-06-28 13:10:11.768  INFO 2580 --- [restartedMain] o.hibernate.jpa.internal.util.LogHelper  : HHH000204: Processing PersistenceUnitInfo [
	name: default
	...]
2019-06-28 13:10:11.816  INFO 2580 --- [restartedMain] org.hibernate.Version                    : HHH000412: Hibernate Core {5.3.10.Final}
2019-06-28 13:10:11.817  INFO 2580 --- [restartedMain] org.hibernate.cfg.Environment            : HHH000206: hibernate.properties not found
2019-06-28 13:10:11.952  INFO 2580 --- [restartedMain] o.hibernate.annotations.common.Version   : HCANN000001: Hibernate Commons Annotations {5.0.4.Final}
2019-06-28 13:10:12.073  INFO 2580 --- [restartedMain] com.zaxxer.hikari.HikariDataSource       : hikariJwt - Starting...
2019-06-28 13:10:12.325  INFO 2580 --- [restartedMain] com.zaxxer.hikari.HikariDataSource       : hikariJwt - Start completed.
2019-06-28 13:10:12.338  INFO 2580 --- [restartedMain] org.hibernate.dialect.Dialect            : HHH000400: Using dialect: org.hibernate.dialect.H2Dialect
2019-06-28 13:10:13.038  INFO 2580 --- [restartedMain] j.LocalContainerEntityManagerFactoryBean : Initialized JPA EntityManagerFactory for persistence unit 'default'
2019-06-28 13:10:13.069  INFO 2580 --- [restartedMain] o.s.b.d.a.OptionalLiveReloadServer       : LiveReload server is running on port 35729
2019-06-28 13:10:14.050  INFO 2580 --- [restartedMain] o.s.s.concurrent.ThreadPoolTaskExecutor  : Initializing ExecutorService 'applicationTaskExecutor'
2019-06-28 13:10:14.440  INFO 2580 --- [restartedMain] o.s.b.w.embedded.tomcat.TomcatWebServer  : Tomcat started on port(s): 8100 (http) with context path '/jwt'
2019-06-28 13:10:14.444  INFO 2580 --- [restartedMain] com.ascpm.hofund.jwt.Application         : Started Application in 10.634 seconds (JVM running for 11.057)
2019-06-28 13:10:42.937  INFO 2580 --- [Thread-9] o.s.s.concurrent.ThreadPoolTaskExecutor  : Shutting down ExecutorService 'applicationTaskExecutor'
2019-06-28 13:10:42.953  INFO 2580 --- [Thread-9] j.LocalContainerEntityManagerFactoryBean : Closing JPA EntityManagerFactory for persistence unit 'default'
2019-06-28 13:10:42.962  INFO 2580 --- [Thread-9] com.zaxxer.hikari.HikariDataSource       : hikariJwt - Shutdown initiated...
2019-06-28 13:10:42.965  INFO 2580 --- [Thread-9] com.zaxxer.hikari.HikariDataSource       : hikariJwt - Shutdown completed.
2019-06-28 14:08:49.180  INFO 2718 --- [main] com.ascpm.hofund.jwt.Application         : Starting Application on ASCPM-MAC.local with PID 2718 (/Users/ascpm/Workspaces/auth-gateway/hofund/jwt/build/libs/jwt.war started by ascpm in /Users/ascpm/Workspaces/auth-gateway/hofund/jwt)
2019-06-28 14:08:49.182  INFO 2718 --- [main] com.ascpm.hofund.jwt.Application         : The following profiles are active: local
2019-06-28 14:08:49.658  INFO 2718 --- [main] .s.d.r.c.RepositoryConfigurationDelegate : Bootstrapping Spring Data repositories in DEFAULT mode.
2019-06-28 14:08:49.731  INFO 2718 --- [main] .s.d.r.c.RepositoryConfigurationDelegate : Finished Spring Data repository scanning in 64ms. Found 1 repository interfaces.
2019-06-28 14:08:50.217  INFO 2718 --- [main] trationDelegate$BeanPostProcessorChecker : Bean 'org.springframework.transaction.annotation.ProxyTransactionManagementConfiguration' of type [org.springframework.transaction.annotation.ProxyTransactionManagementConfiguration$$EnhancerBySpringCGLIB$$6b308539] is not eligible for getting processed by all BeanPostProcessors (for example: not eligible for auto-proxying)
2019-06-28 14:08:50.634  INFO 2718 --- [main] o.s.b.w.embedded.tomcat.TomcatWebServer  : Tomcat initialized with port(s): 8100 (http)
2019-06-28 14:08:50.663  INFO 2718 --- [main] o.apache.catalina.core.StandardService   : Starting service [Tomcat]
2019-06-28 14:08:50.663  INFO 2718 --- [main] org.apache.catalina.core.StandardEngine  : Starting Servlet engine: [Apache Tomcat/9.0.19]
2019-06-28 14:08:51.828  INFO 2718 --- [main] o.a.c.c.C.[Tomcat].[localhost].[/jwt]    : Initializing Spring embedded WebApplicationContext
2019-06-28 14:08:51.828  INFO 2718 --- [main] o.s.web.context.ContextLoader            : Root WebApplicationContext: initialization completed in 2611 ms
2019-06-28 14:08:52.059  INFO 2718 --- [main] o.hibernate.jpa.internal.util.LogHelper  : HHH000204: Processing PersistenceUnitInfo [
	name: default
	...]
2019-06-28 14:08:52.147  INFO 2718 --- [main] org.hibernate.Version                    : HHH000412: Hibernate Core {5.3.10.Final}
2019-06-28 14:08:52.150  INFO 2718 --- [main] org.hibernate.cfg.Environment            : HHH000206: hibernate.properties not found
2019-06-28 14:08:52.329  INFO 2718 --- [main] o.hibernate.annotations.common.Version   : HCANN000001: Hibernate Commons Annotations {5.0.4.Final}
2019-06-28 14:08:52.576  INFO 2718 --- [main] com.zaxxer.hikari.HikariDataSource       : hikariJwt - Starting...
2019-06-28 14:08:52.815  INFO 2718 --- [main] com.zaxxer.hikari.HikariDataSource       : hikariJwt - Start completed.
2019-06-28 14:08:52.835  INFO 2718 --- [main] org.hibernate.dialect.Dialect            : HHH000400: Using dialect: org.hibernate.dialect.H2Dialect
2019-06-28 14:08:53.593  INFO 2718 --- [main] j.LocalContainerEntityManagerFactoryBean : Initialized JPA EntityManagerFactory for persistence unit 'default'
2019-06-28 14:08:54.374  INFO 2718 --- [main] o.s.s.concurrent.ThreadPoolTaskExecutor  : Initializing ExecutorService 'applicationTaskExecutor'
2019-06-28 14:08:54.657  INFO 2718 --- [main] o.s.b.w.embedded.tomcat.TomcatWebServer  : Tomcat started on port(s): 8100 (http) with context path '/jwt'
2019-06-28 14:08:54.668  INFO 2718 --- [main] com.ascpm.hofund.jwt.Application         : Started Application in 10.892 seconds (JVM running for 11.274)
2019-06-28 14:09:04.911  INFO 2718 --- [Thread-3] o.s.s.concurrent.ThreadPoolTaskExecutor  : Shutting down ExecutorService 'applicationTaskExecutor'
2019-06-28 14:09:04.921  INFO 2718 --- [Thread-3] j.LocalContainerEntityManagerFactoryBean : Closing JPA EntityManagerFactory for persistence unit 'default'
2019-06-28 14:09:04.930  INFO 2718 --- [Thread-3] com.zaxxer.hikari.HikariDataSource       : hikariJwt - Shutdown initiated...
2019-06-28 14:09:04.938  INFO 2718 --- [Thread-3] com.zaxxer.hikari.HikariDataSource       : hikariJwt - Shutdown completed.
2019-06-28 14:13:14.696  INFO 2723 --- [main] com.ascpm.hofund.jwt.Application         : Starting Application on ASCPM-MAC.local with PID 2723 (/Users/ascpm/Workspaces/auth-gateway/hofund/jwt/build/libs/jwt.war started by ascpm in /Users/ascpm/Workspaces/auth-gateway/hofund/jwt)
2019-06-28 14:13:14.698  INFO 2723 --- [main] com.ascpm.hofund.jwt.Application         : The following profiles are active: local
2019-06-28 14:13:15.174  INFO 2723 --- [main] .s.d.r.c.RepositoryConfigurationDelegate : Bootstrapping Spring Data repositories in DEFAULT mode.
2019-06-28 14:13:15.260  INFO 2723 --- [main] .s.d.r.c.RepositoryConfigurationDelegate : Finished Spring Data repository scanning in 72ms. Found 1 repository interfaces.
2019-06-28 14:13:15.789  INFO 2723 --- [main] trationDelegate$BeanPostProcessorChecker : Bean 'org.springframework.transaction.annotation.ProxyTransactionManagementConfiguration' of type [org.springframework.transaction.annotation.ProxyTransactionManagementConfiguration$$EnhancerBySpringCGLIB$$c837780c] is not eligible for getting processed by all BeanPostProcessors (for example: not eligible for auto-proxying)
2019-06-28 14:13:16.450  INFO 2723 --- [main] o.s.b.w.embedded.tomcat.TomcatWebServer  : Tomcat initialized with port(s): 8100 (http)
2019-06-28 14:13:16.477  INFO 2723 --- [main] o.apache.catalina.core.StandardService   : Starting service [Tomcat]
2019-06-28 14:13:16.477  INFO 2723 --- [main] org.apache.catalina.core.StandardEngine  : Starting Servlet engine: [Apache Tomcat/9.0.19]
2019-06-28 14:13:17.582  INFO 2723 --- [main] o.a.c.c.C.[Tomcat].[localhost].[/jwt]    : Initializing Spring embedded WebApplicationContext
2019-06-28 14:13:17.582  INFO 2723 --- [main] o.s.web.context.ContextLoader            : Root WebApplicationContext: initialization completed in 2854 ms
2019-06-28 14:13:17.742  INFO 2723 --- [main] o.hibernate.jpa.internal.util.LogHelper  : HHH000204: Processing PersistenceUnitInfo [
	name: default
	...]
2019-06-28 14:13:17.823  INFO 2723 --- [main] org.hibernate.Version                    : HHH000412: Hibernate Core {5.3.10.Final}
2019-06-28 14:13:17.827  INFO 2723 --- [main] org.hibernate.cfg.Environment            : HHH000206: hibernate.properties not found
2019-06-28 14:13:18.005  INFO 2723 --- [main] o.hibernate.annotations.common.Version   : HCANN000001: Hibernate Commons Annotations {5.0.4.Final}
2019-06-28 14:13:18.231  INFO 2723 --- [main] com.zaxxer.hikari.HikariDataSource       : hikariJwt - Starting...
2019-06-28 14:13:18.417  INFO 2723 --- [main] com.zaxxer.hikari.HikariDataSource       : hikariJwt - Start completed.
2019-06-28 14:13:18.431  INFO 2723 --- [main] org.hibernate.dialect.Dialect            : HHH000400: Using dialect: org.hibernate.dialect.H2Dialect
2019-06-28 14:13:19.072  INFO 2723 --- [main] j.LocalContainerEntityManagerFactoryBean : Initialized JPA EntityManagerFactory for persistence unit 'default'
2019-06-28 14:13:19.699  INFO 2723 --- [main] o.s.s.concurrent.ThreadPoolTaskExecutor  : Initializing ExecutorService 'applicationTaskExecutor'
2019-06-28 14:13:20.045  INFO 2723 --- [main] o.s.b.w.embedded.tomcat.TomcatWebServer  : Tomcat started on port(s): 8100 (http) with context path '/jwt'
2019-06-28 14:13:20.048  INFO 2723 --- [main] com.ascpm.hofund.jwt.Application         : Started Application in 10.715 seconds (JVM running for 11.07)
2019-06-28 14:13:34.677  INFO 2723 --- [Thread-3] o.s.s.concurrent.ThreadPoolTaskExecutor  : Shutting down ExecutorService 'applicationTaskExecutor'
2019-06-28 14:13:34.680  INFO 2723 --- [Thread-3] j.LocalContainerEntityManagerFactoryBean : Closing JPA EntityManagerFactory for persistence unit 'default'
2019-06-28 14:13:34.688  INFO 2723 --- [Thread-3] com.zaxxer.hikari.HikariDataSource       : hikariJwt - Shutdown initiated...
2019-06-28 14:13:34.695  INFO 2723 --- [Thread-3] com.zaxxer.hikari.HikariDataSource       : hikariJwt - Shutdown completed.
